<?xml version="1.0" encoding="UTF-8"?>
<!-- Generated by org.testng.reporters.JUnitReportReporter -->
<testsuite hostname="sami77" failures="0" tests="1" name="packagetest.A" time="1.284" errors="0" timestamp="2025-10-11T13:26:35 IST" skipped="0">
  <testcase classname="packagetest.A" name="m1" time="1.284"/>
</testsuite> <!-- packagetest.A -->
