<?xml version="1.0" encoding="UTF-8"?>
<!-- Generated by org.testng.reporters.JUnitReportReporter -->
<testsuite hostname="DESKTOP-9P6IIEM" failures="0" tests="2" name="com.client.SalesInventory.ManageArea.ManageArea" time="5.287" errors="0" timestamp="2025-10-24T17:40:31 IST" skipped="0">
  <testcase classname="com.client.SalesInventory.ManageArea.ManageArea" name="verifyAddAreaInAddRetailer" time="2.781"/>
  <testcase classname="com.client.SalesInventory.ManageArea.ManageArea" name="verifyAddAreaWithValidData" time="2.506"/>
</testsuite> <!-- com.client.SalesInventory.ManageArea.ManageArea -->
