<?xml version="1.0" encoding="UTF-8"?>
<!-- Generated by org.testng.reporters.JUnitReportReporter -->
<testsuite hostname="DESKTOP-9P6IIEM" failures="0" tests="1" name="com.client.SalesInventory.Module.SampleTestClass" time="1.647" errors="0" timestamp="2025-10-14T16:15:25 IST" skipped="0">
  <testcase classname="com.client.SalesInventory.Module.SampleTestClass" name="test" time="1.647"/>
</testsuite> <!-- com.client.SalesInventory.Module.SampleTestClass -->
