<?xml version="1.0" encoding="UTF-8"?>
<!-- Generated by org.testng.reporters.JUnitReportReporter -->
<testsuite hostname="DESKTOP-9P6IIEM" failures="0" tests="1" name="com.client.SalesInventory.Retailer.RetailerProfile" time="6.358" errors="0" timestamp="2025-10-15T18:09:30 IST" skipped="0">
  <testcase classname="com.client.SalesInventory.Retailer.RetailerProfile" name="verifyPostOrderInManufacturer" time="6.358"/>
</testsuite> <!-- com.client.SalesInventory.Retailer.RetailerProfile -->
