<?xml version="1.0" encoding="UTF-8"?>
<!-- Generated by org.testng.reporters.JUnitReportReporter -->
<testsuite hostname="DESKTOP-9P6IIEM" failures="0" tests="1" name="com.client.SalesInventory.ManageArea.ManageArea" time="4.489" errors="0" timestamp="2025-10-23T17:26:55 IST" skipped="0">
  <testcase classname="com.client.SalesInventory.ManageArea.ManageArea" name="verifyAddAreaWithValidData" time="4.489"/>
</testsuite> <!-- com.client.SalesInventory.ManageArea.ManageArea -->
