<?xml version="1.0" encoding="UTF-8"?>
<!-- Generated by org.testng.reporters.JUnitReportReporter -->
<testsuite hostname="DESKTOP-9P6IIEM" failures="0" tests="6" name="com.client.SalesInventory.Login.LoginToApp" time="11.009" errors="0" timestamp="2025-10-11T11:44:03 IST" skipped="0">
  <testcase classname="com.client.SalesInventory.Login.LoginToApp" name="loginAsAdminWithWrongPswd" time="2.560"/>
  <testcase classname="com.client.SalesInventory.Login.LoginToApp" name="loginAsRetailerWithWrongPswd" time="2.633"/>
  <testcase classname="com.client.SalesInventory.Login.LoginToApp" name="loginAsRetailer" time="1.047"/>
  <testcase classname="com.client.SalesInventory.Login.LoginToApp" name="loginToManufacturerWithWrongPswd" time="2.598"/>
  <testcase classname="com.client.SalesInventory.Login.LoginToApp" name="loginAsAdmin" time="1.275"/>
  <testcase classname="com.client.SalesInventory.Login.LoginToApp" name="loginToManufacturer" time="0.896"/>
</testsuite> <!-- com.client.SalesInventory.Login.LoginToApp -->
