<?xml version="1.0" encoding="UTF-8"?>
<!-- Generated by org.testng.reporters.JUnitReportReporter -->
<testsuite hostname="DESKTOP-AD0OTFU" failures="0" tests="1" name="com.client.SalesInventory.Module.SamplAdminTest" time="2.032" errors="0" timestamp="2025-10-10T13:25:12 IST" skipped="0">
  <testcase classname="com.client.SalesInventory.Module.SamplAdminTest" name="SampleTest" time="2.032"/>
</testsuite> <!-- com.client.SalesInventory.Module.SamplAdminTest -->
