<?xml version="1.0" encoding="UTF-8"?>
<!-- Generated by org.testng.reporters.JUnitReportReporter -->
<testsuite hostname="DESKTOP-9P6IIEM" failures="0" tests="3" name="com.client.SalesInventory.Login.LoginToApp" time="5.948" errors="0" timestamp="2025-10-11T16:02:50 IST" skipped="0">
  <testcase classname="com.client.SalesInventory.Login.LoginToApp" name="loginToManufacturer" time="2.624"/>
  <testcase classname="com.client.SalesInventory.Login.LoginToApp" name="loginAsRetailer" time="2.615"/>
  <testcase classname="com.client.SalesInventory.Login.LoginToApp" name="loginAsAdmin" time="0.709"/>
</testsuite> <!-- com.client.SalesInventory.Login.LoginToApp -->
