<?xml version="1.0" encoding="UTF-8"?>
<!-- Generated by org.testng.reporters.JUnitReportReporter -->
<testsuite hostname="sami77" failures="0" tests="1" name="com.client.SalesInventory.verifyAddManufacturingFunc.Verify_AddManufacturingFunc" time="2.302" errors="0" timestamp="2025-10-15T18:26:56 IST" skipped="0">
  <testcase classname="com.client.SalesInventory.verifyAddManufacturingFunc.Verify_AddManufacturingFunc" name="verifyAddmanufacturing" time="2.302"/>
</testsuite> <!-- com.client.SalesInventory.verifyAddManufacturingFunc.Verify_AddManufacturingFunc -->
