<?xml version="1.0" encoding="UTF-8"?>
<!-- Generated by org.testng.reporters.JUnitReportReporter -->
<testsuite hostname="DESKTOP-AD0OTFU" failures="0" tests="1" name="com.client.SalesInventory.Addproduct.AddProductTest" time="5.249" errors="0" timestamp="2025-10-14T12:04:47 IST" skipped="0">
  <testcase classname="com.client.SalesInventory.Addproduct.AddProductTest" name="checkAddedProduct" time="5.249"/>
</testsuite> <!-- com.client.SalesInventory.Addproduct.AddProductTest -->
