<?xml version="1.0" encoding="UTF-8"?>
<!-- Generated by org.testng.reporters.JUnitReportReporter -->
<testsuite hostname="DESKTOP-9P6IIEM" failures="0" tests="6" name="com.client.SalesInventory.Login.LoginToApp" time="11.621" errors="0" timestamp="2025-10-11T12:09:39 IST" skipped="0">
  <testcase classname="com.client.SalesInventory.Login.LoginToApp" name="loginAsRetailerWithWrongPswd" time="2.603"/>
  <testcase classname="com.client.SalesInventory.Login.LoginToApp" name="loginAsAdmin" time="1.169"/>
  <testcase classname="com.client.SalesInventory.Login.LoginToApp" name="loginAsAdminWithWrongPswd" time="2.682"/>
  <testcase classname="com.client.SalesInventory.Login.LoginToApp" name="loginToManufacturerWithWrongPswd" time="2.854"/>
  <testcase classname="com.client.SalesInventory.Login.LoginToApp" name="loginToManufacturer" time="1.155"/>
  <testcase classname="com.client.SalesInventory.Login.LoginToApp" name="loginAsRetailer" time="1.158"/>
</testsuite> <!-- com.client.SalesInventory.Login.LoginToApp -->
