<?xml version="1.0" encoding="UTF-8"?>
<!-- Generated by org.testng.reporters.JUnitReportReporter -->
<testsuite hostname="DESKTOP-9P6IIEM" failures="0" tests="3" name="com.client.SalesInventory.Login.LoginToApp" time="7.355" errors="0" timestamp="2025-10-10T17:53:15 IST" skipped="0">
  <testcase classname="com.client.SalesInventory.Login.LoginToApp" name="loginAsAdmin" time="1.147"/>
  <testcase classname="com.client.SalesInventory.Login.LoginToApp" name="loginToManufacturer" time="3.147"/>
  <testcase classname="com.client.SalesInventory.Login.LoginToApp" name="loginAsRetailer" time="3.061"/>
</testsuite> <!-- com.client.SalesInventory.Login.LoginToApp -->
